<?xml version="1.0" encoding="UTF-8"?>
<testsuite xmlns:xsi="http://www.w3.org/2001/XMLSchema-instance" xsi:noNamespaceSchemaLocation="https://maven.apache.org/surefire/maven-surefire-plugin/xsd/surefire-test-report-3.0.xsd" version="3.0" name="io.casehubio.connectors.ConnectorTest" time="0.994" tests="15" errors="0" skipped="0" failures="0">
  <properties>
[...]
</properties>
  <testcase name="httpHelper_postJson_returnsTrueOn200" classname="io.casehubio.connectors.ConnectorTest" time="0.818"/>
  <testcase name="slack_buildPayload_withTitle" classname="io.casehubio.connectors.ConnectorTest" time="0.014"/>
  <testcase name="httpHelper_jsonEscape_handlesSpecialChars" classname="io.casehubio.connectors.ConnectorTest" time="0.021"/>
  <testcase name="connectorMessage_twoArgConstructor_nullAttributes" classname="io.casehubio.connectors.ConnectorTest" time="0.014"/>
  <testcase name="httpHelper_hmacSha256_deterministicAndPrefixed" classname="io.casehubio.connectors.ConnectorTest" time="0.009"/>
  <testcase name="teams_send_postsToDestination" classname="io.casehubio.connectors.ConnectorTest" time="0.015"/>
  <testcase name="connectorMessage_threeArgConstructor" classname="io.casehubio.connectors.ConnectorTest" time="0.007"/>
  <testcase name="httpHelper_postJson_returnsFalseOnNon2xx" classname="io.casehubio.connectors.ConnectorTest" time="0.016">
    <system-out><![CDATA[2026-04-27 15:01:47,865 WARNING [io.casehubio.connectors.http.HttpHelper] (main) HTTP connector POST failed: http://localhost:54699/fail status=500 body=
]]></system-out>
  </testcase>
  <testcase name="slack_buildPayload_bodyOnly" classname="io.casehubio.connectors.ConnectorTest" time="0.007"/>
  <testcase name="httpHelper_jsonQuote_nullReturnsNull" classname="io.casehubio.connectors.ConnectorTest" time="0.006"/>
  <testcase name="slack_send_postsToDestination" classname="io.casehubio.connectors.ConnectorTest" time="0.01"/>
  <testcase name="httpHelper_hmacSha256_differentForDifferentInputs" classname="io.casehubio.connectors.ConnectorTest" time="0.008"/>
  <testcase name="teams_buildPayload_noTitle" classname="io.casehubio.connectors.ConnectorTest" time="0.011"/>
  <testcase name="teams_buildPayload_containsAdaptiveCard" classname="io.casehubio.connectors.ConnectorTest" time="0.009"/>
  <testcase name="slack_buildPayload_escapesSpecialChars" classname="io.casehubio.connectors.ConnectorTest" time="0.007"/>
</testsuite>